
2월 15, 2019 09:51:17.96 NEW SESSION
2월 15, 2019 09:51:17.96 [5688:4480:0215/095117.952:ERROR:in_progress_cache_impl.cc(203)] Cache is not initialized, cannot RetrieveEntry.
2월 15, 2019 09:51:17.96 [5688:4480:0215/095117.952:ERROR:in_progress_cache_impl.cc(203)] Cache is not initialized, cannot RetrieveEntry.
2월 15, 2019 09:51:17.96 [5688:4480:0215/095117.952:ERROR:in_progress_cache_impl.cc(203)] Cache is not initialized, cannot RetrieveEntry.
2월 15, 2019 09:51:17.96 [5688:4480:0215/095117.952:ERROR:in_progress_cache_impl.cc(203)] Cache is not initialized, cannot RetrieveEntry.
2월 15, 2019 09:51:17.96 [5688:4480:0215/095117.952:ERROR:in_progress_cache_impl.cc(203)] Cache is not initialized, cannot RetrieveEntry.
2월 15, 2019 09:51:17.97 [5688:4480:0215/095117.952:ERROR:in_progress_cache_impl.cc(203)] Cache is not initialized, cannot RetrieveEntry.
2월 15, 2019 09:51:17.97 [5688:4480:0215/095117.952:ERROR:in_progress_cache_impl.cc(203)] Cache is not initialized, cannot RetrieveEntry.
2월 15, 2019 09:51:17.97 [5688:4480:0215/095117.952:ERROR:in_progress_cache_impl.cc(203)] Cache is not initialized, cannot RetrieveEntry.
2월 15, 2019 09:51:17.97 [5688:4480:0215/095117.952:ERROR:in_progress_cache_impl.cc(203)] Cache is not initialized, cannot RetrieveEntry.
2월 15, 2019 09:51:17.97 [5688:4480:0215/095117.952:ERROR:in_progress_cache_impl.cc(203)] Cache is not initialized, cannot RetrieveEntry.
2월 15, 2019 09:51:17.97 [5688:4480:0215/095117.952:ERROR:in_progress_cache_impl.cc(203)] Cache is not initialized, cannot RetrieveEntry.
2월 15, 2019 10:24:00.75 [4556:5172:0215/102400.740:ERROR:in_progress_cache_impl.cc(203)] Cache is not initialized, cannot RetrieveEntry.
2월 15, 2019 10:24:00.75 [4556:5172:0215/102400.740:ERROR:in_progress_cache_impl.cc(203)] Cache is not initialized, cannot RetrieveEntry.
2월 15, 2019 10:24:00.75 [4556:5172:0215/102400.740:ERROR:in_progress_cache_impl.cc(203)] Cache is not initialized, cannot RetrieveEntry.
2월 15, 2019 10:24:00.75 [4556:5172:0215/102400.740:ERROR:in_progress_cache_impl.cc(203)] Cache is not initialized, cannot RetrieveEntry.
2월 15, 2019 10:24:00.75 [4556:5172:0215/102400.740:ERROR:in_progress_cache_impl.cc(203)] Cache is not initialized, cannot RetrieveEntry.
2월 15, 2019 10:24:00.75 [4556:5172:0215/102400.740:ERROR:in_progress_cache_impl.cc(203)] Cache is not initialized, cannot RetrieveEntry.
2월 15, 2019 10:24:00.75 [4556:5172:0215/102400.740:ERROR:in_progress_cache_impl.cc(203)] Cache is not initialized, cannot RetrieveEntry.
2월 15, 2019 10:24:00.75 [4556:5172:0215/102400.740:ERROR:in_progress_cache_impl.cc(203)] Cache is not initialized, cannot RetrieveEntry.
2월 15, 2019 10:24:00.75 [4556:5172:0215/102400.740:ERROR:in_progress_cache_impl.cc(203)] Cache is not initialized, cannot RetrieveEntry.
2월 15, 2019 10:24:00.75 [4556:5172:0215/102400.740:ERROR:in_progress_cache_impl.cc(203)] Cache is not initialized, cannot RetrieveEntry.
2월 15, 2019 10:24:00.75 [4556:5172:0215/102400.740:ERROR:in_progress_cache_impl.cc(203)] Cache is not initialized, cannot RetrieveEntry.
2월 15, 2019 10:26:16.67 [1384:5332:0215/102616.649:ERROR:in_progress_cache_impl.cc(203)] Cache is not initialized, cannot RetrieveEntry.
2월 15, 2019 10:26:16.67 [1384:5332:0215/102616.649:ERROR:in_progress_cache_impl.cc(203)] Cache is not initialized, cannot RetrieveEntry.
2월 15, 2019 10:26:16.67 [1384:5332:0215/102616.649:ERROR:in_progress_cache_impl.cc(203)] Cache is not initialized, cannot RetrieveEntry.
2월 15, 2019 10:26:16.67 [1384:5332:0215/102616.649:ERROR:in_progress_cache_impl.cc(203)] Cache is not initialized, cannot RetrieveEntry.
2월 15, 2019 10:26:16.69 [1384:5332:0215/102616.649:ERROR:in_progress_cache_impl.cc(203)] Cache is not initialized, cannot RetrieveEntry.
2월 15, 2019 10:26:16.69 [1384:5332:0215/102616.649:ERROR:in_progress_cache_impl.cc(203)] Cache is not initialized, cannot RetrieveEntry.
2월 15, 2019 10:26:16.69 [1384:5332:0215/102616.649:ERROR:in_progress_cache_impl.cc(203)] Cache is not initialized, cannot RetrieveEntry.
2월 15, 2019 10:26:16.69 [1384:5332:0215/102616.649:ERROR:in_progress_cache_impl.cc(203)] Cache is not initialized, cannot RetrieveEntry.
2월 15, 2019 10:26:16.69 [1384:5332:0215/102616.649:ERROR:in_progress_cache_impl.cc(203)] Cache is not initialized, cannot RetrieveEntry.
2월 15, 2019 10:26:16.69 [1384:5332:0215/102616.649:ERROR:in_progress_cache_impl.cc(203)] Cache is not initialized, cannot RetrieveEntry.
2월 15, 2019 10:26:16.69 [1384:5332:0215/102616.649:ERROR:in_progress_cache_impl.cc(203)] Cache is not initialized, cannot RetrieveEntry.
2월 15, 2019 11:37:18.21 [3616:3532:0215/113718.212:ERROR:ssl_client_socket_impl.cc(1013)] handshake failed; returned -1, SSL error code 1, net_error -101
2월 15, 2019 13:53:44.51 [5616:5488:0215/135344.519:ERROR:gcm_channel_status_request.cc(151)] GCM channel request failed.
2월 15, 2019 14:12:49.07 [6120:5212:0215/141249.064:ERROR:in_progress_cache_impl.cc(203)] Cache is not initialized, cannot RetrieveEntry.
2월 15, 2019 14:12:49.07 [6120:5212:0215/141249.064:ERROR:in_progress_cache_impl.cc(203)] Cache is not initialized, cannot RetrieveEntry.
2월 15, 2019 14:12:49.07 [6120:5212:0215/141249.064:ERROR:in_progress_cache_impl.cc(203)] Cache is not initialized, cannot RetrieveEntry.
2월 15, 2019 14:12:49.07 [6120:5212:0215/141249.064:ERROR:in_progress_cache_impl.cc(203)] Cache is not initialized, cannot RetrieveEntry.
2월 15, 2019 14:12:49.07 [6120:5212:0215/141249.064:ERROR:in_progress_cache_impl.cc(203)] Cache is not initialized, cannot RetrieveEntry.
2월 15, 2019 14:12:49.07 [6120:5212:0215/141249.064:ERROR:in_progress_cache_impl.cc(203)] Cache is not initialized, cannot RetrieveEntry.
2월 15, 2019 14:12:49.07 [6120:5212:0215/141249.064:ERROR:in_progress_cache_impl.cc(203)] Cache is not initialized, cannot RetrieveEntry.
2월 15, 2019 14:12:49.07 [6120:5212:0215/141249.064:ERROR:in_progress_cache_impl.cc(203)] Cache is not initialized, cannot RetrieveEntry.
2월 15, 2019 14:12:49.07 [6120:5212:0215/141249.064:ERROR:in_progress_cache_impl.cc(203)] Cache is not initialized, cannot RetrieveEntry.
2월 15, 2019 14:12:49.07 [6120:5212:0215/141249.064:ERROR:in_progress_cache_impl.cc(203)] Cache is not initialized, cannot RetrieveEntry.
2월 15, 2019 14:12:49.07 [6120:5212:0215/141249.064:ERROR:in_progress_cache_impl.cc(203)] Cache is not initialized, cannot RetrieveEntry.
2월 15, 2019 17:04:50.43 [5364:5144:0215/170450.432:ERROR:browser_process_sub_thread.cc(209)] Waited 73 ms for network service
2월 15, 2019 19:56:42.63 [5112:4400:0215/195642.637:ERROR:browser_process_sub_thread.cc(209)] Waited 80 ms for network service

2월 19, 2019 12:34:24.76 NEW SESSION
2월 19, 2019 12:34:24.76 [5960:5084:0219/123424.753:ERROR:textfield.cc(1777)] NOT IMPLEMENTED

2월 20, 2019 20:56:19.49 NEW SESSION
2월 20, 2019 20:56:19.49 [5944:4464:0220/205619.491:ERROR:browser_process_sub_thread.cc(209)] Waited 72 ms for network service
2월 20, 2019 21:47:17.72 [4464:4472:0220/214717.726:ERROR:browser_process_sub_thread.cc(209)] Waited 22 ms for network service
2월 20, 2019 21:48:57.45 [4984:1028:0220/214857.458:ERROR:browser_process_sub_thread.cc(209)] Waited 375 ms for network service

2월 21, 2019 18:15:41.46 NEW SESSION
2월 21, 2019 18:15:41.46 [6368:3188:0221/181541.407:ERROR:browser_process_sub_thread.cc(209)] Waited 244 ms for network service
2월 21, 2019 18:16:10.57 [232:3264:0221/181610.573:ERROR:browser_process_sub_thread.cc(209)] Waited 221 ms for network service
2월 21, 2019 19:55:59.95 [5944:4684:0221/195559.955:ERROR:browser_process_sub_thread.cc(209)] Waited 50 ms for network service
2월 21, 2019 20:19:26.16 [5584:5304:0221/201926.163:ERROR:browser_process_sub_thread.cc(209)] Waited 52 ms for network service
2월 21, 2019 20:21:19.66 [5548:6692:0221/202119.666:ERROR:browser_process_sub_thread.cc(209)] Waited 77 ms for network service
2월 21, 2019 20:29:05.07 [5568:5540:0221/202905.076:ERROR:browser_process_sub_thread.cc(209)] Waited 190 ms for network service
2월 21, 2019 20:31:07.40 [1668:6800:0221/203107.400:ERROR:browser_process_sub_thread.cc(209)] Waited 194 ms for network service
2월 21, 2019 20:44:12.19 [5164:5604:0221/204412.192:ERROR:browser_process_sub_thread.cc(209)] Waited 115 ms for network service

2월 22, 2019 20:36:00.01 NEW SESSION
2월 22, 2019 20:36:00.01 [1040:8140:0222/203600.009:ERROR:browser_process_sub_thread.cc(209)] Waited 148 ms for network service
2월 22, 2019 21:18:44.85 [7904:7100:0222/211844.852:ERROR:browser_process_sub_thread.cc(209)] Waited 52 ms for network service

2월 26, 2019 09:19:26.89 NEW SESSION
2월 26, 2019 09:19:26.89 [5464:5468:0226/091926.883:ERROR:gcm_channel_status_request.cc(151)] GCM channel request failed.
2월 26, 2019 09:20:17.98 [5464:5468:0226/092017.980:ERROR:gcm_channel_status_request.cc(151)] GCM channel request failed.
2월 26, 2019 09:21:22.66 [5464:5468:0226/092122.666:ERROR:gcm_channel_status_request.cc(151)] GCM channel request failed.
2월 26, 2019 09:23:22.57 [5464:5468:0226/092322.571:ERROR:gcm_channel_status_request.cc(151)] GCM channel request failed.
2월 26, 2019 16:05:01.25 [5464:5468:0226/160501.250:ERROR:CONSOLE(11)] "Blocked script execution in 'data:text/html;charset=EUC-KR,%0D%0A%3C!DOCTYPE%20html%3E%0D%0A%3Chtml%3E%0D%0A%3Chead%3E%0D%0A%3Cmeta%20charset=%22EUC-KR%22%3E%0D%0A%3Ctitle%3Eselectcar.jsp%3C/title%3E%0D%0A%3C/head%3E%0D%0A%3Cbody%3E%0D%0A%09%3Cdiv%3E%0D%0A%09%09%3Cp%3E%0D%0A%09%09%3Cselect%20name=%22car1%22%20id=%22car1%22%20onchange=%22myCar()%22%3E%0D%0A%09%09%09%3Coption%3E=%EC%84%A0%ED%83%9D=%3C/option%3E%0D%0A%09%09%09%3Coption%20value=%221%22%3E%EC%8A%A4%ED%8F%AC%EC%B8%A0%EC%B9%B4%3C/option%3E%0D%0A%09%09%09%3Coption%20value=%22...0%ED%94%84%3C/option%3E%0D%0A%09%09%3C/select%3E%0D%0A%09%09%3Cselect%20name=%22car2%22%20id=%22car2%22%3E%0D%0A%09%09%09%3Coption%3E=%EC%84%A0%ED%83%9D=%3C/option%3E%0D%0A%09%09%3C/select%3E%0D%0A%09%09%3C/p%3E%0D%0A%09%09%3Cp%3E%0D%0A%09%09%09%3Cimg%20src=%22resources/img/default.jpg%22%3E%0D%0A%09%09%3C/p%3E%0D%0A%09%3C/div%3E%0D%0A%3C/body%3E%0D%0A%3Cscript%3E%0D%0A%09function%20myCar()%7B%0D%0A%09%09console.log(document.getElementById(%22car1%22).value)%0D%0A%09%7D%0D%0A%3C/script%3E%0D%0A%3C/html%3E' because the document's frame is sandboxed and the 'allow-scripts' permission is not set.", source: data:text/html;charset=EUC-KR,%0D%0A%3C!DOCTYPE%20html%3E%0D%0A%3Chtml%3E%0D%0A%3Chead%3E%0D%0A%3Cmeta%20charset=%22EUC-KR%22%3E%0D%0A%3Ctitle%3Eselectcar.jsp%3C/title%3E%0D%0A%3C/head%3E%0D%0A%3Cbody%3E%0D%0A%09%3Cdiv%3E%0D%0A%09%09%3Cp%3E%0D%0A%09%09%3Cselect%20name=%22car1%22%20id=%22car1%22%20onchange=%22myCar()%22%3E%0D%0A%09%09%09%3Coption%3E=%EC%84%A0%ED%83%9D=%3C/option%3E%0D%0A%09%09%09%3Coption%20value=%221%22%3E%EC%8A%A4%ED%8F%AC%EC%B8%A0%EC%B9%B4%3C/option%3E%0D%0A%09%09%09%3Coption%20value=%222%22%3E%EC%A7%80%ED%94%84%3C/option%3E%0D%0A%09%09%3C/select%3E%0D%0A%09%09%3Cselect%20name=%22car2%22%20id=%22car2%22%3E%0D%0A%09%09%09%3Coption%3E=%EC%84%A0%ED%83%9D=%3C/option%3E%0D%0A%09%09%3C/select%3E%0D%0A%09%09%3C/p%3E%0D%0A%09%09%3Cp%3E%0D%0A%09%09%09%3Cimg%20src=%22resources/img/default.jpg%22%3E%0D%0A%09%09%3C/p%3E%0D%0A%09%3C/div%3E%0D%0A%3C/body%3E%0D%0A%3Cscript%3E%0D%0A%09function%20myCar()%7B%0D%0A%09%09console.log(document.getElementById(%22car1%22).value)%0D%0A%09%7D%0D%0A%3C/script%3E%0D%0A%3C/html%3E (11)
2월 26, 2019 16:05:01.30 [5464:5468:0226/160501.304:ERROR:CONSOLE(0)] "Blocked script execution in 'data:text/html;charset=EUC-KR,%0D%0A%3C!DOCTYPE%20html%3E%0D%0A%3Chtml%3E%0D%0A%3Chead%3E%0D%0A%3Cmeta%20charset=%22EUC-KR%22%3E%0D%0A%3Ctitle%3Eselectcar.jsp%3C/title%3E%0D%0A%3C/head%3E%0D%0A%3Cbody%3E%0D%0A%09%3Cdiv%3E%0D%0A%09%09%3Cp%3E%0D%0A%09%09%3Cselect%20name=%22car1%22%20id=%22car1%22%20onchange=%22myCar()%22%3E%0D%0A%09%09%09%3Coption%3E=%EC%84%A0%ED%83%9D=%3C/option%3E%0D%0A%09%09%09%3Coption%20value=%221%22%3E%EC%8A%A4%ED%8F%AC%EC%B8%A0%EC%B9%B4%3C/option%3E%0D%0A%09%09%09%3Coption%20value=%22...0%ED%94%84%3C/option%3E%0D%0A%09%09%3C/select%3E%0D%0A%09%09%3Cselect%20name=%22car2%22%20id=%22car2%22%3E%0D%0A%09%09%09%3Coption%3E=%EC%84%A0%ED%83%9D=%3C/option%3E%0D%0A%09%09%3C/select%3E%0D%0A%09%09%3C/p%3E%0D%0A%09%09%3Cp%3E%0D%0A%09%09%09%3Cimg%20src=%22resources/img/default.jpg%22%3E%0D%0A%09%09%3C/p%3E%0D%0A%09%3C/div%3E%0D%0A%3C/body%3E%0D%0A%3Cscript%3E%0D%0A%09function%20myCar()%7B%0D%0A%09%09console.log(document.getElementById(%22car1%22).value)%0D%0A%09%7D%0D%0A%3C/script%3E%0D%0A%3C/html%3E' because the document's frame is sandboxed and the 'allow-scripts' permission is not set.", source: data:text/html;charset=EUC-KR,%0D%0A%3C!DOCTYPE%20html%3E%0D%0A%3Chtml%3E%0D%0A%3Chead%3E%0D%0A%3Cmeta%20charset=%22EUC-KR%22%3E%0D%0A%3Ctitle%3Eselectcar.jsp%3C/title%3E%0D%0A%3C/head%3E%0D%0A%3Cbody%3E%0D%0A%09%3Cdiv%3E%0D%0A%09%09%3Cp%3E%0D%0A%09%09%3Cselect%20name=%22car1%22%20id=%22car1%22%20onchange=%22myCar()%22%3E%0D%0A%09%09%09%3Coption%3E=%EC%84%A0%ED%83%9D=%3C/option%3E%0D%0A%09%09%09%3Coption%20value=%221%22%3E%EC%8A%A4%ED%8F%AC%EC%B8%A0%EC%B9%B4%3C/option%3E%0D%0A%09%09%09%3Coption%20value=%222%22%3E%EC%A7%80%ED%94%84%3C/option%3E%0D%0A%09%09%3C/select%3E%0D%0A%09%09%3Cselect%20name=%22car2%22%20id=%22car2%22%3E%0D%0A%09%09%09%3Coption%3E=%EC%84%A0%ED%83%9D=%3C/option%3E%0D%0A%09%09%3C/select%3E%0D%0A%09%09%3C/p%3E%0D%0A%09%09%3Cp%3E%0D%0A%09%09%09%3Cimg%20src=%22resources/img/default.jpg%22%3E%0D%0A%09%09%3C/p%3E%0D%0A%09%3C/div%3E%0D%0A%3C/body%3E%0D%0A%3Cscript%3E%0D%0A%09function%20myCar()%7B%0D%0A%09%09console.log(document.getElementById(%22car1%22).value)%0D%0A%09%7D%0D%0A%3C/script%3E%0D%0A%3C/html%3E (0)
2월 26, 2019 16:05:01.96 [5464:5468:0226/160501.969:ERROR:CONSOLE(11)] "Blocked script execution in 'data:text/html;charset=EUC-KR,%0D%0A%3C!DOCTYPE%20html%3E%0D%0A%3Chtml%3E%0D%0A%3Chead%3E%0D%0A%3Cmeta%20charset=%22EUC-KR%22%3E%0D%0A%3Ctitle%3Eselectcar.jsp%3C/title%3E%0D%0A%3C/head%3E%0D%0A%3Cbody%3E%0D%0A%09%3Cdiv%3E%0D%0A%09%09%3Cp%3E%0D%0A%09%09%3Cselect%20name=%22car1%22%20id=%22car1%22%20onchange=%22myCar()%22%3E%0D%0A%09%09%09%3Coption%3E=%EC%84%A0%ED%83%9D=%3C/option%3E%0D%0A%09%09%09%3Coption%20value=%221%22%3E%EC%8A%A4%ED%8F%AC%EC%B8%A0%EC%B9%B4%3C/option%3E%0D%0A%09%09%09%3Coption%20value=%22...0%ED%94%84%3C/option%3E%0D%0A%09%09%3C/select%3E%0D%0A%09%09%3Cselect%20name=%22car2%22%20id=%22car2%22%3E%0D%0A%09%09%09%3Coption%3E=%EC%84%A0%ED%83%9D=%3C/option%3E%0D%0A%09%09%3C/select%3E%0D%0A%09%09%3C/p%3E%0D%0A%09%09%3Cp%3E%0D%0A%09%09%09%3Cimg%20src=%22resources/img/default.jpg%22%3E%0D%0A%09%09%3C/p%3E%0D%0A%09%3C/div%3E%0D%0A%3C/body%3E%0D%0A%3Cscript%3E%0D%0A%09function%20myCar()%7B%0D%0A%09%09console.log(document.getElementById(%22car1%22).value)%0D%0A%09%7D%0D%0A%3C/script%3E%0D%0A%3C/html%3E' because the document's frame is sandboxed and the 'allow-scripts' permission is not set.", source: data:text/html;charset=EUC-KR,%0D%0A%3C!DOCTYPE%20html%3E%0D%0A%3Chtml%3E%0D%0A%3Chead%3E%0D%0A%3Cmeta%20charset=%22EUC-KR%22%3E%0D%0A%3Ctitle%3Eselectcar.jsp%3C/title%3E%0D%0A%3C/head%3E%0D%0A%3Cbody%3E%0D%0A%09%3Cdiv%3E%0D%0A%09%09%3Cp%3E%0D%0A%09%09%3Cselect%20name=%22car1%22%20id=%22car1%22%20onchange=%22myCar()%22%3E%0D%0A%09%09%09%3Coption%3E=%EC%84%A0%ED%83%9D=%3C/option%3E%0D%0A%09%09%09%3Coption%20value=%221%22%3E%EC%8A%A4%ED%8F%AC%EC%B8%A0%EC%B9%B4%3C/option%3E%0D%0A%09%09%09%3Coption%20value=%222%22%3E%EC%A7%80%ED%94%84%3C/option%3E%0D%0A%09%09%3C/select%3E%0D%0A%09%09%3Cselect%20name=%22car2%22%20id=%22car2%22%3E%0D%0A%09%09%09%3Coption%3E=%EC%84%A0%ED%83%9D=%3C/option%3E%0D%0A%09%09%3C/select%3E%0D%0A%09%09%3C/p%3E%0D%0A%09%09%3Cp%3E%0D%0A%09%09%09%3Cimg%20src=%22resources/img/default.jpg%22%3E%0D%0A%09%09%3C/p%3E%0D%0A%09%3C/div%3E%0D%0A%3C/body%3E%0D%0A%3Cscript%3E%0D%0A%09function%20myCar()%7B%0D%0A%09%09console.log(document.getElementById(%22car1%22).value)%0D%0A%09%7D%0D%0A%3C/script%3E%0D%0A%3C/html%3E (11)
2월 26, 2019 16:05:01.97 [5464:5468:0226/160501.973:ERROR:CONSOLE(0)] "Blocked script execution in 'data:text/html;charset=EUC-KR,%0D%0A%3C!DOCTYPE%20html%3E%0D%0A%3Chtml%3E%0D%0A%3Chead%3E%0D%0A%3Cmeta%20charset=%22EUC-KR%22%3E%0D%0A%3Ctitle%3Eselectcar.jsp%3C/title%3E%0D%0A%3C/head%3E%0D%0A%3Cbody%3E%0D%0A%09%3Cdiv%3E%0D%0A%09%09%3Cp%3E%0D%0A%09%09%3Cselect%20name=%22car1%22%20id=%22car1%22%20onchange=%22myCar()%22%3E%0D%0A%09%09%09%3Coption%3E=%EC%84%A0%ED%83%9D=%3C/option%3E%0D%0A%09%09%09%3Coption%20value=%221%22%3E%EC%8A%A4%ED%8F%AC%EC%B8%A0%EC%B9%B4%3C/option%3E%0D%0A%09%09%09%3Coption%20value=%22...0%ED%94%84%3C/option%3E%0D%0A%09%09%3C/select%3E%0D%0A%09%09%3Cselect%20name=%22car2%22%20id=%22car2%22%3E%0D%0A%09%09%09%3Coption%3E=%EC%84%A0%ED%83%9D=%3C/option%3E%0D%0A%09%09%3C/select%3E%0D%0A%09%09%3C/p%3E%0D%0A%09%09%3Cp%3E%0D%0A%09%09%09%3Cimg%20src=%22resources/img/default.jpg%22%3E%0D%0A%09%09%3C/p%3E%0D%0A%09%3C/div%3E%0D%0A%3C/body%3E%0D%0A%3Cscript%3E%0D%0A%09function%20myCar()%7B%0D%0A%09%09console.log(document.getElementById(%22car1%22).value)%0D%0A%09%7D%0D%0A%3C/script%3E%0D%0A%3C/html%3E' because the document's frame is sandboxed and the 'allow-scripts' permission is not set.", source: data:text/html;charset=EUC-KR,%0D%0A%3C!DOCTYPE%20html%3E%0D%0A%3Chtml%3E%0D%0A%3Chead%3E%0D%0A%3Cmeta%20charset=%22EUC-KR%22%3E%0D%0A%3Ctitle%3Eselectcar.jsp%3C/title%3E%0D%0A%3C/head%3E%0D%0A%3Cbody%3E%0D%0A%09%3Cdiv%3E%0D%0A%09%09%3Cp%3E%0D%0A%09%09%3Cselect%20name=%22car1%22%20id=%22car1%22%20onchange=%22myCar()%22%3E%0D%0A%09%09%09%3Coption%3E=%EC%84%A0%ED%83%9D=%3C/option%3E%0D%0A%09%09%09%3Coption%20value=%221%22%3E%EC%8A%A4%ED%8F%AC%EC%B8%A0%EC%B9%B4%3C/option%3E%0D%0A%09%09%09%3Coption%20value=%222%22%3E%EC%A7%80%ED%94%84%3C/option%3E%0D%0A%09%09%3C/select%3E%0D%0A%09%09%3Cselect%20name=%22car2%22%20id=%22car2%22%3E%0D%0A%09%09%09%3Coption%3E=%EC%84%A0%ED%83%9D=%3C/option%3E%0D%0A%09%09%3C/select%3E%0D%0A%09%09%3C/p%3E%0D%0A%09%09%3Cp%3E%0D%0A%09%09%09%3Cimg%20src=%22resources/img/default.jpg%22%3E%0D%0A%09%09%3C/p%3E%0D%0A%09%3C/div%3E%0D%0A%3C/body%3E%0D%0A%3Cscript%3E%0D%0A%09function%20myCar()%7B%0D%0A%09%09console.log(document.getElementById(%22car1%22).value)%0D%0A%09%7D%0D%0A%3C/script%3E%0D%0A%3C/html%3E (0)
2월 26, 2019 16:05:52.10 [5464:5568:0226/160552.106:ERROR:browser_process_sub_thread.cc(209)] Waited 206 ms for network service
2월 26, 2019 17:21:05.52 [3872:1404:0226/172105.529:ERROR:gcm_channel_status_request.cc(151)] GCM channel request failed.
2월 26, 2019 19:05:07.35 [3872:1404:0226/190507.347:ERROR:gcm_channel_status_request.cc(151)] GCM channel request failed.
2월 26, 2019 19:32:28.27 [3872:2520:0226/193228.274:ERROR:browser_process_sub_thread.cc(209)] Waited 44 ms for network service
2월 26, 2019 19:49:40.06 [5556:5304:0226/194940.065:ERROR:browser_process_sub_thread.cc(209)] Waited 46 ms for network service
2월 26, 2019 20:02:23.43 [2748:5632:0226/200223.431:ERROR:browser_process_sub_thread.cc(209)] Waited 74 ms for network service

2월 27, 2019 10:37:23.09 NEW SESSION
2월 27, 2019 10:37:23.09 [1560:5908:0227/103723.093:ERROR:browser_process_sub_thread.cc(209)] Waited 438 ms for network service
2월 27, 2019 12:09:55.34 [5852:4644:0227/120955.346:ERROR:gcm_channel_status_request.cc(151)] GCM channel request failed.

2월 28, 2019 09:23:49.99 NEW SESSION
2월 28, 2019 09:23:49.99 [1636:5764:0228/092349.991:ERROR:browser_process_sub_thread.cc(209)] Waited 255 ms for network service
2월 28, 2019 16:18:25.46 [5608:2540:0228/161825.467:ERROR:CONSOLE(2103)] "One popover is already visible", source: chrome-devtools://devtools/bundled/shell.js (2103)

3월 04, 2019 13:59:06.57 NEW SESSION
3월 04, 2019 13:59:06.57 [5728:5236:0304/135906.535:ERROR:gcm_channel_status_request.cc(151)] GCM channel request failed.
3월 04, 2019 17:09:52.78 [5728:3416:0304/170952.780:ERROR:platform_sensor_reader_win.cc(242)] NOT IMPLEMENTED

3월 05, 2019 09:45:29.48 NEW SESSION
3월 05, 2019 09:45:29.48 [4436:5768:0305/094529.483:ERROR:browser_process_sub_thread.cc(209)] Waited 68 ms for network service
3월 05, 2019 09:47:27.48 [3160:5232:0305/094727.486:ERROR:browser_process_sub_thread.cc(209)] Waited 95 ms for network service
3월 05, 2019 10:34:36.10 [5180:1452:0305/103436.099:ERROR:browser_process_sub_thread.cc(209)] Waited 89 ms for network service

3월 06, 2019 19:58:32.95 NEW SESSION
3월 06, 2019 19:58:32.95 [5568:7048:0306/195832.948:ERROR:browser_process_sub_thread.cc(209)] Waited 46 ms for network service
